TN:
SF:app.js
FN:8,(anonymous_0)
FN:17,(anonymous_1)
FN:22,(anonymous_2)
FN:31,(anonymous_3)
FN:36,(anonymous_4)
FN:41,(anonymous_5)
FNF:6
FNH:5
FNDA:1,(anonymous_0)
FNDA:1,(anonymous_1)
FNDA:1,(anonymous_2)
FNDA:1,(anonymous_3)
FNDA:0,(anonymous_4)
FNDA:1,(anonymous_5)
DA:1,1
DA:2,1
DA:3,1
DA:5,1
DA:8,1
DA:9,1
DA:17,1
DA:18,1
DA:22,1
DA:23,1
DA:31,1
DA:32,1
DA:36,1
DA:37,0
DA:38,0
DA:41,1
DA:42,1
DA:45,1
LF:18
LH:16
BRDA:3,0,0,1
BRDA:3,0,1,1
BRDA:26,1,0,1
BRDA:26,1,1,0
BRF:4
BRH:3
end_of_record
